{"count":5,"level":"info","message":"Email templates loaded","service":"iiawak-backend","templates":["event-notification","otp-verification","password-reset","payment-confirmation","welcome"],"timestamp":"2026-06-17 01:43:09"}
{"level":"info","message":"🚀 Server running on port 5000","service":"iiawak-backend","timestamp":"2026-06-17 01:43:09"}
{"level":"info","message":"📐 Architecture: Presentation → BusinessLogic → DataAccess → Core","service":"iiawak-backend","timestamp":"2026-06-17 01:43:09"}
{"level":"info","message":"🔐 Features: VNPay, Redis, WebSocket JWT, Rate Limiting, Input Validation","service":"iiawak-backend","timestamp":"2026-06-17 01:43:09"}
{"level":"info","message":"🌍 Environment: development","service":"iiawak-backend","timestamp":"2026-06-17 01:43:09"}
{"level":"info","message":"✨ Version: 3.1.0 (Phase 5-7 Complete)","service":"iiawak-backend","timestamp":"2026-06-17 01:43:09"}
{"count":5,"level":"info","message":"Email templates loaded","service":"iiawak-backend","templates":["event-notification","otp-verification","password-reset","payment-confirmation","welcome"],"timestamp":"2026-06-17 01:54:06"}
{"level":"info","message":"🚀 Server running on port 5000","service":"iiawak-backend","timestamp":"2026-06-17 01:54:06"}
{"level":"info","message":"📐 Architecture: Presentation → BusinessLogic → DataAccess → Core","service":"iiawak-backend","timestamp":"2026-06-17 01:54:06"}
{"level":"info","message":"🔐 Features: VNPay, Redis, WebSocket JWT, Rate Limiting, Input Validation","service":"iiawak-backend","timestamp":"2026-06-17 01:54:06"}
{"level":"info","message":"🌍 Environment: development","service":"iiawak-backend","timestamp":"2026-06-17 01:54:06"}
{"level":"info","message":"✨ Version: 3.1.0 (Phase 5-7 Complete)","service":"iiawak-backend","timestamp":"2026-06-17 01:54:06"}
{"count":5,"level":"info","message":"Email templates loaded","service":"iiawak-backend","templates":["event-notification","otp-verification","password-reset","payment-confirmation","welcome"],"timestamp":"2026-06-17 01:54:39"}
{"level":"info","message":"🚀 Server running on port 5000","service":"iiawak-backend","timestamp":"2026-06-17 01:54:39"}
{"level":"info","message":"📐 Architecture: Presentation → BusinessLogic → DataAccess → Core","service":"iiawak-backend","timestamp":"2026-06-17 01:54:39"}
{"level":"info","message":"🔐 Features: VNPay, Redis, WebSocket JWT, Rate Limiting, Input Validation","service":"iiawak-backend","timestamp":"2026-06-17 01:54:39"}
{"level":"info","message":"🌍 Environment: development","service":"iiawak-backend","timestamp":"2026-06-17 01:54:39"}
{"level":"info","message":"✨ Version: 3.1.0 (Phase 5-7 Complete)","service":"iiawak-backend","timestamp":"2026-06-17 01:54:39"}
{"count":5,"level":"info","message":"Email templates loaded","service":"iiawak-backend","templates":["event-notification","otp-verification","password-reset","payment-confirmation","welcome"],"timestamp":"2026-06-17 01:56:40"}
{"level":"info","message":"🚀 Server running on port 5000","service":"iiawak-backend","timestamp":"2026-06-17 01:56:40"}
{"level":"info","message":"📐 Architecture: Presentation → BusinessLogic → DataAccess → Core","service":"iiawak-backend","timestamp":"2026-06-17 01:56:40"}
{"level":"info","message":"🔐 Features: VNPay, Redis, WebSocket JWT, Rate Limiting, Input Validation","service":"iiawak-backend","timestamp":"2026-06-17 01:56:40"}
{"level":"info","message":"🌍 Environment: development","service":"iiawak-backend","timestamp":"2026-06-17 01:56:40"}
{"level":"info","message":"✨ Version: 3.1.0 (Phase 5-7 Complete)","service":"iiawak-backend","timestamp":"2026-06-17 01:56:40"}
{"duration":222,"ip":"127.0.0.1","level":"info","message":"GET /feed - 200 222ms","method":"GET","path":"/feed","requestId":"1781636268827-80clgleoy","service":"iiawak-backend","statusCode":200,"timestamp":"2026-06-17 01:57:49","userAgent":"Dalvik/2.1.0 (Linux; U; Android 16; sdk_gphone64_arm64 Build/BE2A.250530.026.D1)","userId":"anonymous"}
{"duration":44,"ip":"127.0.0.1","level":"info","message":"GET / - 200 44ms","method":"GET","path":"/","requestId":"1781636278386-08qax0u1c","service":"iiawak-backend","statusCode":200,"timestamp":"2026-06-17 01:57:58","userAgent":"Dalvik/2.1.0 (Linux; U; Android 16; sdk_gphone64_arm64 Build/BE2A.250530.026.D1)","userId":"anonymous"}
{"duration":25,"ip":"127.0.0.1","level":"info","message":"GET /feed - 200 25ms","method":"GET","path":"/feed","requestId":"1781636542540-lyxksbkb7","service":"iiawak-backend","statusCode":200,"timestamp":"2026-06-17 02:02:22","userAgent":"Dalvik/2.1.0 (Linux; U; Android 16; sdk_gphone64_arm64 Build/BE2A.250530.026.D1)","userId":"anonymous"}
{"duration":33,"ip":"127.0.0.1","level":"info","message":"GET / - 200 33ms","method":"GET","path":"/","requestId":"1781636544702-fos5so746","service":"iiawak-backend","statusCode":200,"timestamp":"2026-06-17 02:02:24","userAgent":"Dalvik/2.1.0 (Linux; U; Android 16; sdk_gphone64_arm64 Build/BE2A.250530.026.D1)","userId":"anonymous"}
